Using pre-set license
Built from '2022.3/staging' branch; Version is '2022.3.19f1 (244b723c30a6) revision 2378610'; Using compiler version '192829333'; Build Type 'Release'
OS: 'Windows 11  (10.0.22631) 64bit Professional' Language: 'en' Physical Memory: 32400 MB
BatchMode: 1, IsHumanControllingUs: 0, StartBugReporterOnCrash: 0, Is64bit: 1, IsPro: 1

COMMAND LINE ARGUMENTS:
C:\Program Files\Unity\Hub\Editor\2022.3.19f1\Editor\Unity.exe
-adb2
-batchMode
-noUpm
-name
AssetImportWorker0
-projectPath
C:/Project/UnityPersonal/VrValem
-logFile
Logs/AssetImportWorker0.log
-srvPort
51878
Successfully changed project path to: C:/Project/UnityPersonal/VrValem
C:/Project/UnityPersonal/VrValem
[UnityMemory] Configuration Parameters - Can be set up in boot.config
    "memorysetup-bucket-allocator-granularity=16"
    "memorysetup-bucket-allocator-bucket-count=8"
    "memorysetup-bucket-allocator-block-size=33554432"
    "memorysetup-bucket-allocator-block-count=8"
    "memorysetup-main-allocator-block-size=16777216"
    "memorysetup-thread-allocator-block-size=16777216"
    "memorysetup-gfx-main-allocator-block-size=16777216"
    "memorysetup-gfx-thread-allocator-block-size=16777216"
    "memorysetup-cache-allocator-block-size=4194304"
    "memorysetup-typetree-allocator-block-size=2097152"
    "memorysetup-profiler-bucket-allocator-granularity=16"
    "memorysetup-profiler-bucket-allocator-bucket-count=8"
    "memorysetup-profiler-bucket-allocator-block-size=33554432"
    "memorysetup-profiler-bucket-allocator-block-count=8"
    "memorysetup-profiler-allocator-block-size=16777216"
    "memorysetup-profiler-editor-allocator-block-size=1048576"
    "memorysetup-temp-allocator-size-main=16777216"
    "memorysetup-job-temp-allocator-block-size=2097152"
    "memorysetup-job-temp-allocator-block-size-background=1048576"
    "memorysetup-job-temp-allocator-reduction-small-platforms=262144"
    "memorysetup-allocator-temp-initial-block-size-main=262144"
    "memorysetup-allocator-temp-initial-block-size-worker=262144"
    "memorysetup-temp-allocator-size-background-worker=32768"
    "memorysetup-temp-allocator-size-job-worker=262144"
    "memorysetup-temp-allocator-size-preload-manager=33554432"
    "memorysetup-temp-allocator-size-nav-mesh-worker=65536"
    "memorysetup-temp-allocator-size-audio-worker=65536"
    "memorysetup-temp-allocator-size-cloud-worker=32768"
    "memorysetup-temp-allocator-size-gi-baking-worker=262144"
    "memorysetup-temp-allocator-size-gfx=262144"
Player connection [32180] Host "[IP] 192.168.0.7 [Port] 0 [Flags] 2 [Guid] 448757487 [EditorId] 448757487 [Version] 1048832 [Id] WindowsEditor(7,Patryk) [Debug] 1 [PackageName] WindowsEditor [ProjectName] Editor" joined multi-casting on [225.0.0.222:54997]...

Player connection [32180] Host "[IP] 192.168.0.7 [Port] 0 [Flags] 2 [Guid] 448757487 [EditorId] 448757487 [Version] 1048832 [Id] WindowsEditor(7,Patryk) [Debug] 1 [PackageName] WindowsEditor [ProjectName] Editor" joined alternative multi-casting on [225.0.0.222:34997]...

[Physics::Module] Initialized MultithreadedJobDispatcher with 11 workers.
Refreshing native plugins compatible for Editor in 165.22 ms, found 10 plugins.
Preloading 0 native plugins for Editor in 0.00 ms.
Initialize engine version: 2022.3.19f1 (244b723c30a6)
[Subsystems] Discovering subsystems at path C:/Program Files/Unity/Hub/Editor/2022.3.19f1/Editor/Data/Resources/UnitySubsystems
[Subsystems] Discovering subsystems at path C:/Project/UnityPersonal/VrValem/Assets
GfxDevice: creating device client; threaded=0; jobified=0
Direct3D:
    Version:  Direct3D 11.0 [level 11.1]
    Renderer: NVIDIA RTX A500 Laptop GPU (ID=0x25bb)
    Vendor:   NVIDIA
    VRAM:     3979 MB
    Driver:   31.0.15.2919
Initialize mono
Mono path[0] = 'C:/Program Files/Unity/Hub/Editor/2022.3.19f1/Editor/Data/Managed'
Mono path[1] = 'C:/Program Files/Unity/Hub/Editor/2022.3.19f1/Editor/Data/MonoBleedingEdge/lib/mono/unityjit-win32'
Mono config path = 'C:/Program Files/Unity/Hub/Editor/2022.3.19f1/Editor/Data/MonoBleedingEdge/etc'
Using monoOptions --debugger-agent=transport=dt_socket,embedding=1,server=y,suspend=n,address=127.0.0.1:56628
Begin MonoManager ReloadAssembly
Registering precompiled unity dll's ...
Register platform support module: C:/Program Files/Unity/Hub/Editor/2022.3.19f1/Editor/Data/PlaybackEngines/WindowsStandaloneSupport/UnityEditor.WindowsStandalone.Extensions.dll
Registered in 0.023641 seconds.
- Loaded All Assemblies, in  0.964 seconds
Native extension for WindowsStandalone target not found
Mono: successfully reloaded assembly
- Finished resetting the current domain, in  0.709 seconds
Domain Reload Profiling: 1668ms
	BeginReloadAssembly (356ms)
		ExecutionOrderSort (0ms)
		DisableScriptedObjects (0ms)
		BackupInstance (0ms)
		ReleaseScriptingObjects (0ms)
		CreateAndSetChildDomain (2ms)
	RebuildCommonClasses (78ms)
	RebuildNativeTypeToScriptingClass (29ms)
	initialDomainReloadingComplete (130ms)
	LoadAllAssembliesAndSetupDomain (362ms)
		LoadAssemblies (340ms)
		RebuildTransferFunctionScriptingTraits (0ms)
		AnalyzeDomain (357ms)
			TypeCache.Refresh (355ms)
				TypeCache.ScanAssembly (323ms)
			ScanForSourceGeneratedMonoScriptInfo (0ms)
			ResolveRequiredComponents (1ms)
	FinalizeReload (712ms)
		ReleaseScriptCaches (0ms)
		RebuildScriptCaches (0ms)
		SetupLoadedEditorAssemblies (556ms)
			LogAssemblyErrors (0ms)
			InitializePlatformSupportModulesInManaged (29ms)
			SetLoadedEditorAssemblies (23ms)
			RefreshPlugins (0ms)
			BeforeProcessingInitializeOnLoad (4ms)
			ProcessInitializeOnLoadAttributes (360ms)
			ProcessInitializeOnLoadMethodAttributes (140ms)
			AfterProcessingInitializeOnLoad (0ms)
			EditorAssembliesLoaded (0ms)
		ExecutionOrderSort2 (0ms)
		AwakeInstancesAfterBackupRestoration (0ms)
========================================================================
Worker process is ready to serve import requests
Begin MonoManager ReloadAssembly
Duplicate assembly 'websocket-sharp.dll' with different versions detected, using 'Packages/com.unity.services.wire/Plugins/websocket-sharp.dll, AssemblyName=websocket-sharp, Version=1.0.2.18559, Culture=neutral, PublicKeyToken=5660b08a1845a91e' and ignoring 'Assets/Photon/PhotonLibs/WebSocket/websocket-sharp.dll, AssemblyName=websocket-sharp, Version=1.0.2.0, Culture=neutral, PublicKeyToken=5660b08a1845a91e'.Symbol file LoadedFromMemory is not a mono symbol file
- Loaded All Assemblies, in  2.785 seconds
Refreshing native plugins compatible for Editor in 100.08 ms, found 10 plugins.
Native extension for WindowsStandalone target not found
Package Manager log level set to [2]
[Package Manager] Server::EnsureServerProcessIsRunning -- launch failed, reason: Unity was launched with the -noUpm command-line argument
[Package Manager] UpmClient::Send -- Unable to send message (not connected to UPM process).
[Package Manager] Cannot connect to Unity Package Manager local server
[Package Manager] Server::EnsureServerProcessIsRunning -- launch failed, reason: Unity was launched with the -noUpm command-line argument
[Package Manager] UpmClient::Send -- Unable to send message (not connected to UPM process).
[Package Manager] Cannot connect to Unity Package Manager local server
[MODES] ModeService[none].Initialize
[MODES] ModeService[none].LoadModes
[MODES] Loading mode Default (0) for mode-current-id-VrValem
Mono: successfully reloaded assembly
[Package Manager] Server::EnsureServerProcessIsRunning -- launch failed, reason: Unity was launched with the -noUpm command-line argument
[Package Manager] UpmClient::Send -- Unable to send message (not connected to UPM process).
[Package Manager] Cannot connect to Unity Package Manager local server
[Package Manager] Server::EnsureServerProcessIsRunning -- launch failed, reason: Unity was launched with the -noUpm command-line argument
[Package Manager] UpmClient::Send -- Unable to send message (not connected to UPM process).
[Package Manager] Cannot connect to Unity Package Manager local server
- Finished resetting the current domain, in  2.531 seconds
Domain Reload Profiling: 5291ms
	BeginReloadAssembly (433ms)
		ExecutionOrderSort (0ms)
		DisableScriptedObjects (15ms)
		BackupInstance (0ms)
		ReleaseScriptingObjects (0ms)
		CreateAndSetChildDomain (45ms)
	RebuildCommonClasses (73ms)
	RebuildNativeTypeToScriptingClass (26ms)
	initialDomainReloadingComplete (184ms)
	LoadAllAssembliesAndSetupDomain (2040ms)
		LoadAssemblies (1443ms)
		RebuildTransferFunctionScriptingTraits (0ms)
		AnalyzeDomain (881ms)
			TypeCache.Refresh (689ms)
				TypeCache.ScanAssembly (617ms)
			ScanForSourceGeneratedMonoScriptInfo (144ms)
			ResolveRequiredComponents (40ms)
	FinalizeReload (2535ms)
		ReleaseScriptCaches (0ms)
		RebuildScriptCaches (0ms)
		SetupLoadedEditorAssemblies (2077ms)
			LogAssemblyErrors (0ms)
			InitializePlatformSupportModulesInManaged (31ms)
			SetLoadedEditorAssemblies (11ms)
			RefreshPlugins (0ms)
			BeforeProcessingInitializeOnLoad (320ms)
			ProcessInitializeOnLoadAttributes (1264ms)
			ProcessInitializeOnLoadMethodAttributes (400ms)
			AfterProcessingInitializeOnLoad (50ms)
			EditorAssembliesLoaded (1ms)
		ExecutionOrderSort2 (0ms)
		AwakeInstancesAfterBackupRestoration (17ms)
Launched and connected shader compiler UnityShaderCompiler.exe after 0.20 seconds
Refreshing native plugins compatible for Editor in 102.01 ms, found 10 plugins.
Preloading 0 native plugins for Editor in 0.00 ms.
Unloading 8220 Unused Serialized files (Serialized files now loaded: 0)
Unloading 149 unused Assets / (0.7 MB). Loaded Objects now: 8680.
Memory consumption went from 294.3 MB to 293.6 MB.
Total: 16.231700 ms (FindLiveObjects: 1.746200 ms CreateObjectMapping: 1.492000 ms MarkObjects: 12.027500 ms  DeleteObjects: 0.962600 ms)

AssetImportParameters requested are different than current active one (requested -> active):
  custom:container-demuxer-ogg: 62fdf1f143b41e24485cea50d1cbac27 -> 
  custom:framework-win-MediaFoundation: 216162199b28c13a410421893ffa2e32 -> 
  custom:container-muxer-webm: aa71ff27fc2769a1b78a27578f13a17b -> 
  custom:video-decoder-webm-vp8: 9c59270c3fd7afecdb556c50c9e8de78 -> 
  custom:SearchIndexIgnoredProperties: e643bd26f0fe6173181afceb89e7c659 -> 
  custom:AudioImporter_EditorPlatform: d09bf68614088b80899f8185d706f6e7 -> 
  custom:audio-decoder-ogg-vorbis: bf7c407c2cedff20999df2af8eb42d56 -> 
  custom:audio-encoder-webm-vorbis: bf7c407c2cedff20999df2af8eb42d56 -> 
  custom:video-decoder-ogg-theora: a1e56fd34408186e4bbccfd4996cb3dc -> 
  custom:CustomObjectIndexerAttribute: 62b5816608c3102f162a1797e29626cf -> 
  custom:container-demuxer-webm: 4f35f7cbe854078d1ac9338744f61a02 -> 
  custom:video-encoder-webm-vp8: eb34c28f22e8b96e1ab97ce403110664 -> 
========================================================================
Received Import Request.
  Time since last request: 56350.610605 seconds.
  path: Assets/Resources/XR_VRIK_PlayerV2Holder.prefab
  artifactKey: Guid(4d6946bd99a27dd4f9be37db296e46cb) Importer(815301076,1909f56bfc062723c751e8b465ee728b)
Start importing Assets/Resources/XR_VRIK_PlayerV2Holder.prefab using Guid(4d6946bd99a27dd4f9be37db296e46cb) Importer(815301076,1909f56bfc062723c751e8b465ee728b)  -> (artifact id: '13861079ecb904909fa051b84b10fe9c') in 1.489816 seconds
Number of updated asset objects reloaded before import = 0
Number of asset objects unloaded after import = 802
========================================================================
Received Import Request.
  Time since last request: 476.475347 seconds.
  path: Assets/Resources/Flameshrower 1.prefab
  artifactKey: Guid(7494d41d44d9e5e46b5dae679afffd25) Importer(815301076,1909f56bfc062723c751e8b465ee728b)
Start importing Assets/Resources/Flameshrower 1.prefab using Guid(7494d41d44d9e5e46b5dae679afffd25) Importer(815301076,1909f56bfc062723c751e8b465ee728b)  -> (artifact id: 'ae131ae00e7879447c8db18c9c30ecee') in 0.072172 seconds
Number of updated asset objects reloaded before import = 0
Number of asset objects unloaded after import = 24
========================================================================
Received Import Request.
  Time since last request: 8.039894 seconds.
  path: Assets/Resources/FireBall.prefab
  artifactKey: Guid(7494d41d44d9e5e46b5dae679afffd25) Importer(815301076,1909f56bfc062723c751e8b465ee728b)
Start importing Assets/Resources/FireBall.prefab using Guid(7494d41d44d9e5e46b5dae679afffd25) Importer(815301076,1909f56bfc062723c751e8b465ee728b)  -> (artifact id: 'bf03cd6edda3e803e75606eb5c4578b1') in 0.090175 seconds
Number of updated asset objects reloaded before import = 0
Number of asset objects unloaded after import = 24
========================================================================
Received Import Request.
  Time since last request: 17.258262 seconds.
  path: Assets/Resources/FireBall.prefab
  artifactKey: Guid(7494d41d44d9e5e46b5dae679afffd25) Importer(815301076,1909f56bfc062723c751e8b465ee728b)
Start importing Assets/Resources/FireBall.prefab using Guid(7494d41d44d9e5e46b5dae679afffd25) Importer(815301076,1909f56bfc062723c751e8b465ee728b)  -> (artifact id: '0be0d3d8b938c15439c27129d843220c') in 0.070209 seconds
Number of updated asset objects reloaded before import = 0
Number of asset objects unloaded after import = 24
========================================================================
Received Import Request.
  Time since last request: 4.664725 seconds.
  path: Assets/Resources/FireBall.prefab
  artifactKey: Guid(7494d41d44d9e5e46b5dae679afffd25) Importer(815301076,1909f56bfc062723c751e8b465ee728b)
Start importing Assets/Resources/FireBall.prefab using Guid(7494d41d44d9e5e46b5dae679afffd25) Importer(815301076,1909f56bfc062723c751e8b465ee728b)  -> (artifact id: '5934334d43149caf139739b1791cbdc2') in 0.072730 seconds
Number of updated asset objects reloaded before import = 0
Number of asset objects unloaded after import = 24
========================================================================
Received Import Request.
  Time since last request: 18.308365 seconds.
  path: Assets/Resources/FireBall.prefab
  artifactKey: Guid(7494d41d44d9e5e46b5dae679afffd25) Importer(815301076,1909f56bfc062723c751e8b465ee728b)
Start importing Assets/Resources/FireBall.prefab using Guid(7494d41d44d9e5e46b5dae679afffd25) Importer(815301076,1909f56bfc062723c751e8b465ee728b)  -> (artifact id: '8e4cbac17d4e950b359b5ac6402c0df3') in 0.055895 seconds
Number of updated asset objects reloaded before import = 0
Number of asset objects unloaded after import = 24
========================================================================
Received Import Request.
  Time since last request: 5.568694 seconds.
  path: Assets/Resources/FireBall.prefab
  artifactKey: Guid(7494d41d44d9e5e46b5dae679afffd25) Importer(815301076,1909f56bfc062723c751e8b465ee728b)
Start importing Assets/Resources/FireBall.prefab using Guid(7494d41d44d9e5e46b5dae679afffd25) Importer(815301076,1909f56bfc062723c751e8b465ee728b)  -> (artifact id: '029226370409d1645f0830529eb419f0') in 0.054865 seconds
Number of updated asset objects reloaded before import = 0
Number of asset objects unloaded after import = 24
========================================================================
Received Import Request.
  Time since last request: 32.985708 seconds.
  path: Assets/Resources/FireBall.prefab
  artifactKey: Guid(7494d41d44d9e5e46b5dae679afffd25) Importer(815301076,1909f56bfc062723c751e8b465ee728b)
Start importing Assets/Resources/FireBall.prefab using Guid(7494d41d44d9e5e46b5dae679afffd25) Importer(815301076,1909f56bfc062723c751e8b465ee728b)  -> (artifact id: 'e17371136c52773fc3d61f6d752ba28a') in 0.064975 seconds
Number of updated asset objects reloaded before import = 0
Number of asset objects unloaded after import = 24
========================================================================
Received Import Request.
  Time since last request: 7.958831 seconds.
  path: Assets/Resources/FireBall.prefab
  artifactKey: Guid(7494d41d44d9e5e46b5dae679afffd25) Importer(815301076,1909f56bfc062723c751e8b465ee728b)
Start importing Assets/Resources/FireBall.prefab using Guid(7494d41d44d9e5e46b5dae679afffd25) Importer(815301076,1909f56bfc062723c751e8b465ee728b)  -> (artifact id: '19eb96aeea2dbb01e39fe697c9c4b380') in 0.058395 seconds
Number of updated asset objects reloaded before import = 0
Number of asset objects unloaded after import = 24
========================================================================
Received Import Request.
  Time since last request: 2.885190 seconds.
  path: Assets/Resources/FireBall.prefab
  artifactKey: Guid(7494d41d44d9e5e46b5dae679afffd25) Importer(815301076,1909f56bfc062723c751e8b465ee728b)
Start importing Assets/Resources/FireBall.prefab using Guid(7494d41d44d9e5e46b5dae679afffd25) Importer(815301076,1909f56bfc062723c751e8b465ee728b)  -> (artifact id: '53ac8366c509f8858fa01d1cd6376e59') in 0.051462 seconds
Number of updated asset objects reloaded before import = 0
Number of asset objects unloaded after import = 24
========================================================================
Received Import Request.
  Time since last request: 2.925673 seconds.
  path: Assets/Resources/FireBall.prefab
  artifactKey: Guid(7494d41d44d9e5e46b5dae679afffd25) Importer(815301076,1909f56bfc062723c751e8b465ee728b)
Start importing Assets/Resources/FireBall.prefab using Guid(7494d41d44d9e5e46b5dae679afffd25) Importer(815301076,1909f56bfc062723c751e8b465ee728b)  -> (artifact id: '967a528da09558c3d798a84fc442bfa0') in 0.058300 seconds
Number of updated asset objects reloaded before import = 0
Number of asset objects unloaded after import = 24
========================================================================
Received Import Request.
  Time since last request: 18.998413 seconds.
  path: Assets/Resources/FireBall.prefab
  artifactKey: Guid(7494d41d44d9e5e46b5dae679afffd25) Importer(815301076,1909f56bfc062723c751e8b465ee728b)
Start importing Assets/Resources/FireBall.prefab using Guid(7494d41d44d9e5e46b5dae679afffd25) Importer(815301076,1909f56bfc062723c751e8b465ee728b)  -> (artifact id: '600d9f3bec61432ca011ff50a547ded5') in 0.056184 seconds
Number of updated asset objects reloaded before import = 0
Number of asset objects unloaded after import = 23
========================================================================
Received Import Request.
  Time since last request: 5.155657 seconds.
  path: Assets/Resources/FireBall.prefab
  artifactKey: Guid(7494d41d44d9e5e46b5dae679afffd25) Importer(815301076,1909f56bfc062723c751e8b465ee728b)
Start importing Assets/Resources/FireBall.prefab using Guid(7494d41d44d9e5e46b5dae679afffd25) Importer(815301076,1909f56bfc062723c751e8b465ee728b)  -> (artifact id: '24c9659ad76b646e72297f9a96b84b14') in 0.059519 seconds
Number of updated asset objects reloaded before import = 0
Number of asset objects unloaded after import = 23
========================================================================
Received Import Request.
  Time since last request: 20.292465 seconds.
  path: Assets/Resources/FireBall.prefab
  artifactKey: Guid(7494d41d44d9e5e46b5dae679afffd25) Importer(815301076,1909f56bfc062723c751e8b465ee728b)
Start importing Assets/Resources/FireBall.prefab using Guid(7494d41d44d9e5e46b5dae679afffd25) Importer(815301076,1909f56bfc062723c751e8b465ee728b)  -> (artifact id: 'a37cbf820f9fafc9fc1b8ea48b85f69b') in 0.052331 seconds
Number of updated asset objects reloaded before import = 0
Number of asset objects unloaded after import = 23
========================================================================
Received Import Request.
  Time since last request: 3.927407 seconds.
  path: Assets/Resources/FireBall.prefab
  artifactKey: Guid(7494d41d44d9e5e46b5dae679afffd25) Importer(815301076,1909f56bfc062723c751e8b465ee728b)
Start importing Assets/Resources/FireBall.prefab using Guid(7494d41d44d9e5e46b5dae679afffd25) Importer(815301076,1909f56bfc062723c751e8b465ee728b)  -> (artifact id: '8156fc0f1cc1c59bda16af318c794e16') in 0.065132 seconds
Number of updated asset objects reloaded before import = 0
Number of asset objects unloaded after import = 23
========================================================================
Received Import Request.
  Time since last request: 4.228719 seconds.
  path: Assets/Resources/FireBall.prefab
  artifactKey: Guid(7494d41d44d9e5e46b5dae679afffd25) Importer(815301076,1909f56bfc062723c751e8b465ee728b)
Start importing Assets/Resources/FireBall.prefab using Guid(7494d41d44d9e5e46b5dae679afffd25) Importer(815301076,1909f56bfc062723c751e8b465ee728b)  -> (artifact id: 'b662e0834e20ac460587c7586b627a45') in 0.053415 seconds
Number of updated asset objects reloaded before import = 0
Number of asset objects unloaded after import = 23
========================================================================
Received Import Request.
  Time since last request: 6.143311 seconds.
  path: Assets/Resources/FireBall.prefab
  artifactKey: Guid(7494d41d44d9e5e46b5dae679afffd25) Importer(815301076,1909f56bfc062723c751e8b465ee728b)
Start importing Assets/Resources/FireBall.prefab using Guid(7494d41d44d9e5e46b5dae679afffd25) Importer(815301076,1909f56bfc062723c751e8b465ee728b)  -> (artifact id: 'a5eed2d644bb70eafd178b2595f145c7') in 0.052119 seconds
Number of updated asset objects reloaded before import = 0
Number of asset objects unloaded after import = 23
========================================================================
Received Import Request.
  Time since last request: 5.479761 seconds.
  path: Assets/Resources/FireBall.prefab
  artifactKey: Guid(7494d41d44d9e5e46b5dae679afffd25) Importer(815301076,1909f56bfc062723c751e8b465ee728b)
Start importing Assets/Resources/FireBall.prefab using Guid(7494d41d44d9e5e46b5dae679afffd25) Importer(815301076,1909f56bfc062723c751e8b465ee728b)  -> (artifact id: '5f3b5a37222de4801dcdf1dbed6ef93c') in 0.052168 seconds
Number of updated asset objects reloaded before import = 0
Number of asset objects unloaded after import = 23
========================================================================
Received Import Request.
  Time since last request: 3.915365 seconds.
  path: Assets/Resources/FireBall.prefab
  artifactKey: Guid(7494d41d44d9e5e46b5dae679afffd25) Importer(815301076,1909f56bfc062723c751e8b465ee728b)
Start importing Assets/Resources/FireBall.prefab using Guid(7494d41d44d9e5e46b5dae679afffd25) Importer(815301076,1909f56bfc062723c751e8b465ee728b)  -> (artifact id: '3999ddf5823132919d1e0b6fd04cf470') in 0.049239 seconds
Number of updated asset objects reloaded before import = 0
Number of asset objects unloaded after import = 23
========================================================================
Received Import Request.
  Time since last request: 22.344130 seconds.
  path: Assets/Resources/FireBall.prefab
  artifactKey: Guid(7494d41d44d9e5e46b5dae679afffd25) Importer(815301076,1909f56bfc062723c751e8b465ee728b)
Start importing Assets/Resources/FireBall.prefab using Guid(7494d41d44d9e5e46b5dae679afffd25) Importer(815301076,1909f56bfc062723c751e8b465ee728b)  -> (artifact id: '05755db4781cd55ffeab34d00e20cac7') in 0.038690 seconds
Number of updated asset objects reloaded before import = 0
Number of asset objects unloaded after import = 17
========================================================================
Received Import Request.
  Time since last request: 1.849949 seconds.
  path: Assets/Resources/FireBall.prefab
  artifactKey: Guid(7494d41d44d9e5e46b5dae679afffd25) Importer(815301076,1909f56bfc062723c751e8b465ee728b)
Start importing Assets/Resources/FireBall.prefab using Guid(7494d41d44d9e5e46b5dae679afffd25) Importer(815301076,1909f56bfc062723c751e8b465ee728b)  -> (artifact id: '64ee4b69bd16b57ae89f0a28c92be3ca') in 0.039284 seconds
Number of updated asset objects reloaded before import = 0
Number of asset objects unloaded after import = 11
========================================================================
Received Import Request.
  Time since last request: 153.218933 seconds.
  path: Assets/Resources/FireBall.prefab
  artifactKey: Guid(7494d41d44d9e5e46b5dae679afffd25) Importer(815301076,1909f56bfc062723c751e8b465ee728b)
Start importing Assets/Resources/FireBall.prefab using Guid(7494d41d44d9e5e46b5dae679afffd25) Importer(815301076,1909f56bfc062723c751e8b465ee728b)  -> (artifact id: '8a736d873db1bfe8ff30c1b55f39e0b9') in 0.010031 seconds
Number of updated asset objects reloaded before import = 0
Number of asset objects unloaded after import = 6
========================================================================
Received Import Request.
  Time since last request: 1.853916 seconds.
  path: Assets/Resources/FireBall.prefab
  artifactKey: Guid(7494d41d44d9e5e46b5dae679afffd25) Importer(815301076,1909f56bfc062723c751e8b465ee728b)
Start importing Assets/Resources/FireBall.prefab using Guid(7494d41d44d9e5e46b5dae679afffd25) Importer(815301076,1909f56bfc062723c751e8b465ee728b)  -> (artifact id: '30006e3f7d0079cc278d038a7eee7508') in 0.006763 seconds
Number of updated asset objects reloaded before import = 0
Number of asset objects unloaded after import = 5
========================================================================
Received Import Request.
  Time since last request: 7.758287 seconds.
  path: Assets/Resources/FireBall.prefab
  artifactKey: Guid(7494d41d44d9e5e46b5dae679afffd25) Importer(815301076,1909f56bfc062723c751e8b465ee728b)
Start importing Assets/Resources/FireBall.prefab using Guid(7494d41d44d9e5e46b5dae679afffd25) Importer(815301076,1909f56bfc062723c751e8b465ee728b)  -> (artifact id: '70e86a498a339c7135bccedd53863166') in 0.016501 seconds
Number of updated asset objects reloaded before import = 0
Number of asset objects unloaded after import = 8
========================================================================
Received Import Request.
  Time since last request: 35.245684 seconds.
  path: Assets/Resources/FireBall.prefab
  artifactKey: Guid(7494d41d44d9e5e46b5dae679afffd25) Importer(815301076,1909f56bfc062723c751e8b465ee728b)
Start importing Assets/Resources/FireBall.prefab using Guid(7494d41d44d9e5e46b5dae679afffd25) Importer(815301076,1909f56bfc062723c751e8b465ee728b)  -> (artifact id: 'f978ce324e04ad026f569495885b69c9') in 0.029955 seconds
Number of updated asset objects reloaded before import = 0
Number of asset objects unloaded after import = 9
========================================================================
Received Prepare
Begin MonoManager ReloadAssembly
Duplicate assembly 'websocket-sharp.dll' with different versions detected, using 'Packages/com.unity.services.wire/Plugins/websocket-sharp.dll, AssemblyName=websocket-sharp, Version=1.0.2.18559, Culture=neutral, PublicKeyToken=5660b08a1845a91e' and ignoring 'Assets/Photon/PhotonLibs/WebSocket/websocket-sharp.dll, AssemblyName=websocket-sharp, Version=1.0.2.0, Culture=neutral, PublicKeyToken=5660b08a1845a91e'.Symbol file LoadedFromMemory is not a mono symbol file
- Loaded All Assemblies, in  2.399 seconds
Refreshing native plugins compatible for Editor in 72.61 ms, found 10 plugins.
Native extension for WindowsStandalone target not found
[Package Manager] Server::EnsureServerProcessIsRunning -- launch failed, reason: Unity was launched with the -noUpm command-line argument
[Package Manager] UpmClient::Send -- Unable to send message (not connected to UPM process).
[Package Manager] Cannot connect to Unity Package Manager local server
[Package Manager] Server::EnsureServerProcessIsRunning -- launch failed, reason: Unity was launched with the -noUpm command-line argument
[Package Manager] UpmClient::Send -- Unable to send message (not connected to UPM process).
[Package Manager] Cannot connect to Unity Package Manager local server
[MODES] ModeService[none].Initialize
[MODES] ModeService[none].LoadModes
[MODES] Loading mode Default (0) for mode-current-id-VrValem
Mono: successfully reloaded assembly
[Package Manager] Server::EnsureServerProcessIsRunning -- launch failed, reason: Unity was launched with the -noUpm command-line argument
[Package Manager] UpmClient::Send -- Unable to send message (not connected to UPM process).
[Package Manager] Cannot connect to Unity Package Manager local server
- Finished resetting the current domain, in  4.684 seconds
Domain Reload Profiling: 7055ms
	BeginReloadAssembly (620ms)
		ExecutionOrderSort (0ms)
		DisableScriptedObjects (37ms)
		BackupInstance (0ms)
		ReleaseScriptingObjects (0ms)
		CreateAndSetChildDomain (127ms)
	RebuildCommonClasses (122ms)
	RebuildNativeTypeToScriptingClass (39ms)
	initialDomainReloadingComplete (258ms)
	LoadAllAssembliesAndSetupDomain (1329ms)
		LoadAssemblies (1473ms)
		RebuildTransferFunctionScriptingTraits (0ms)
		AnalyzeDomain (216ms)
			TypeCache.Refresh (128ms)
				TypeCache.ScanAssembly (102ms)
			ScanForSourceGeneratedMonoScriptInfo (60ms)
			ResolveRequiredComponents (26ms)
	FinalizeReload (4685ms)
		ReleaseScriptCaches (0ms)
		RebuildScriptCaches (0ms)
		SetupLoadedEditorAssemblies (1630ms)
			LogAssemblyErrors (0ms)
			InitializePlatformSupportModulesInManaged (17ms)
			SetLoadedEditorAssemblies (8ms)
			RefreshPlugins (0ms)
			BeforeProcessingInitializeOnLoad (282ms)
			ProcessInitializeOnLoadAttributes (1105ms)
			ProcessInitializeOnLoadMethodAttributes (201ms)
			AfterProcessingInitializeOnLoad (17ms)
			EditorAssembliesLoaded (1ms)
		ExecutionOrderSort2 (0ms)
		AwakeInstancesAfterBackupRestoration (37ms)
Refreshing native plugins compatible for Editor in 70.33 ms, found 10 plugins.
Preloading 0 native plugins for Editor in 0.00 ms.
Unloading 8655 Unused Serialized files (Serialized files now loaded: 0)
Unloading 125 unused Assets / (2.4 MB). Loaded Objects now: 9344.
Memory consumption went from 284.4 MB to 281.9 MB.
Total: 20.548300 ms (FindLiveObjects: 1.509000 ms CreateObjectMapping: 0.962900 ms MarkObjects: 15.578600 ms  DeleteObjects: 2.493700 ms)

Prepare: number of updated asset objects reloaded= 0
AssetImportParameters requested are different than current active one (requested -> active):
  custom:container-demuxer-ogg: 62fdf1f143b41e24485cea50d1cbac27 -> 
  custom:framework-win-MediaFoundation: 216162199b28c13a410421893ffa2e32 -> 
  custom:container-muxer-webm: aa71ff27fc2769a1b78a27578f13a17b -> 
  custom:video-decoder-webm-vp8: 9c59270c3fd7afecdb556c50c9e8de78 -> 
  custom:SearchIndexIgnoredProperties: e643bd26f0fe6173181afceb89e7c659 -> 
  custom:AudioImporter_EditorPlatform: d09bf68614088b80899f8185d706f6e7 -> 
  custom:audio-decoder-ogg-vorbis: bf7c407c2cedff20999df2af8eb42d56 -> 
  custom:audio-encoder-webm-vorbis: bf7c407c2cedff20999df2af8eb42d56 -> 
  custom:video-decoder-ogg-theora: a1e56fd34408186e4bbccfd4996cb3dc -> 
  custom:CustomObjectIndexerAttribute: 62b5816608c3102f162a1797e29626cf -> 
  custom:container-demuxer-webm: 4f35f7cbe854078d1ac9338744f61a02 -> 
  custom:video-encoder-webm-vp8: eb34c28f22e8b96e1ab97ce403110664 -> 
========================================================================
Received Prepare
Begin MonoManager ReloadAssembly
Duplicate assembly 'websocket-sharp.dll' with different versions detected, using 'Packages/com.unity.services.wire/Plugins/websocket-sharp.dll, AssemblyName=websocket-sharp, Version=1.0.2.18559, Culture=neutral, PublicKeyToken=5660b08a1845a91e' and ignoring 'Assets/Photon/PhotonLibs/WebSocket/websocket-sharp.dll, AssemblyName=websocket-sharp, Version=1.0.2.0, Culture=neutral, PublicKeyToken=5660b08a1845a91e'.Symbol file LoadedFromMemory is not a mono symbol file
- Loaded All Assemblies, in  2.139 seconds
Refreshing native plugins compatible for Editor in 83.31 ms, found 10 plugins.
Native extension for WindowsStandalone target not found
[Package Manager] Server::EnsureServerProcessIsRunning -- launch failed, reason: Unity was launched with the -noUpm command-line argument
[Package Manager] UpmClient::Send -- Unable to send message (not connected to UPM process).
[Package Manager] Cannot connect to Unity Package Manager local server
[Package Manager] Server::EnsureServerProcessIsRunning -- launch failed, reason: Unity was launched with the -noUpm command-line argument
[Package Manager] UpmClient::Send -- Unable to send message (not connected to UPM process).
[Package Manager] Cannot connect to Unity Package Manager local server
[MODES] ModeService[none].Initialize
[MODES] ModeService[none].LoadModes
[MODES] Loading mode Default (0) for mode-current-id-VrValem
Mono: successfully reloaded assembly
[Package Manager] Server::EnsureServerProcessIsRunning -- launch failed, reason: Unity was launched with the -noUpm command-line argument
[Package Manager] UpmClient::Send -- Unable to send message (not connected to UPM process).
[Package Manager] Cannot connect to Unity Package Manager local server
- Finished resetting the current domain, in  6.228 seconds
Domain Reload Profiling: 8318ms
	BeginReloadAssembly (440ms)
		ExecutionOrderSort (0ms)
		DisableScriptedObjects (6ms)
		BackupInstance (0ms)
		ReleaseScriptingObjects (0ms)
		CreateAndSetChildDomain (107ms)
	RebuildCommonClasses (90ms)
	RebuildNativeTypeToScriptingClass (20ms)
	initialDomainReloadingComplete (216ms)
	LoadAllAssembliesAndSetupDomain (1321ms)
		LoadAssemblies (1354ms)
		RebuildTransferFunctionScriptingTraits (0ms)
		AnalyzeDomain (199ms)
			TypeCache.Refresh (37ms)
				TypeCache.ScanAssembly (3ms)
			ScanForSourceGeneratedMonoScriptInfo (113ms)
			ResolveRequiredComponents (47ms)
	FinalizeReload (6230ms)
		ReleaseScriptCaches (0ms)
		RebuildScriptCaches (0ms)
		SetupLoadedEditorAssemblies (1765ms)
			LogAssemblyErrors (0ms)
			InitializePlatformSupportModulesInManaged (27ms)
			SetLoadedEditorAssemblies (11ms)
			RefreshPlugins (0ms)
			BeforeProcessingInitializeOnLoad (461ms)
			ProcessInitializeOnLoadAttributes (994ms)
			ProcessInitializeOnLoadMethodAttributes (208ms)
			AfterProcessingInitializeOnLoad (63ms)
			EditorAssembliesLoaded (1ms)
		ExecutionOrderSort2 (0ms)
		AwakeInstancesAfterBackupRestoration (69ms)
Refreshing native plugins compatible for Editor in 153.85 ms, found 10 plugins.
Preloading 0 native plugins for Editor in 0.00 ms.
Unloading 8656 Unused Serialized files (Serialized files now loaded: 0)
Unloading 121 unused Assets / (2.4 MB). Loaded Objects now: 9352.
Memory consumption went from 286.0 MB to 283.6 MB.
Total: 14.312000 ms (FindLiveObjects: 1.282300 ms CreateObjectMapping: 0.753200 ms MarkObjects: 10.515700 ms  DeleteObjects: 1.757900 ms)

Prepare: number of updated asset objects reloaded= 0
AssetImportParameters requested are different than current active one (requested -> active):
  custom:container-demuxer-ogg: 62fdf1f143b41e24485cea50d1cbac27 -> 
  custom:framework-win-MediaFoundation: 216162199b28c13a410421893ffa2e32 -> 
  custom:container-muxer-webm: aa71ff27fc2769a1b78a27578f13a17b -> 
  custom:video-decoder-webm-vp8: 9c59270c3fd7afecdb556c50c9e8de78 -> 
  custom:SearchIndexIgnoredProperties: e643bd26f0fe6173181afceb89e7c659 -> 
  custom:AudioImporter_EditorPlatform: d09bf68614088b80899f8185d706f6e7 -> 
  custom:audio-decoder-ogg-vorbis: bf7c407c2cedff20999df2af8eb42d56 -> 
  custom:audio-encoder-webm-vorbis: bf7c407c2cedff20999df2af8eb42d56 -> 
  custom:video-decoder-ogg-theora: a1e56fd34408186e4bbccfd4996cb3dc -> 
  custom:CustomObjectIndexerAttribute: 62b5816608c3102f162a1797e29626cf -> 
  custom:container-demuxer-webm: 4f35f7cbe854078d1ac9338744f61a02 -> 
  custom:video-encoder-webm-vp8: eb34c28f22e8b96e1ab97ce403110664 -> 
========================================================================
Received Import Request.
  Time since last request: 742.258035 seconds.
  path: Assets/UMotionExamples
  artifactKey: Guid(bc919dd795636234d90a5f9030e5af5c) Importer(815301076,1909f56bfc062723c751e8b465ee728b)
Start importing Assets/UMotionExamples using Guid(bc919dd795636234d90a5f9030e5af5c) Importer(815301076,1909f56bfc062723c751e8b465ee728b)  -> (artifact id: '1e4edf8c79846f92a7bf69b6d1680b40') in 0.005010 seconds
Number of updated asset objects reloaded before import = 0
Number of asset objects unloaded after import = 0
========================================================================
Received Import Request.
  Time since last request: 12.447727 seconds.
  path: Assets/Solodream
  artifactKey: Guid(29d59ce448e51954cb0d924904119ad0) Importer(815301076,1909f56bfc062723c751e8b465ee728b)
Start importing Assets/Solodream using Guid(29d59ce448e51954cb0d924904119ad0) Importer(815301076,1909f56bfc062723c751e8b465ee728b)  -> (artifact id: 'da03910cdaac5e6b00e1298986a9952c') in 0.002201 seconds
Number of updated asset objects reloaded before import = 0
Number of asset objects unloaded after import = 0
========================================================================
Received Import Request.
  Time since last request: 1.023193 seconds.
  path: Assets/Solodream/VFX_FireballPack
  artifactKey: Guid(139fe53210480764db26c64d26626a73) Importer(815301076,1909f56bfc062723c751e8b465ee728b)
Start importing Assets/Solodream/VFX_FireballPack using Guid(139fe53210480764db26c64d26626a73) Importer(815301076,1909f56bfc062723c751e8b465ee728b)  -> (artifact id: '12fc0bd4cbf15626f66d1be79904be56') in 0.001810 seconds
Number of updated asset objects reloaded before import = 0
Number of asset objects unloaded after import = 0
========================================================================
Received Import Request.
  Time since last request: 1.237103 seconds.
  path: Assets/Solodream/VFX_FireballPack/Flipbooks
  artifactKey: Guid(119e6964c0e01404b9da2ccb36416477) Importer(815301076,1909f56bfc062723c751e8b465ee728b)
Start importing Assets/Solodream/VFX_FireballPack/Flipbooks using Guid(119e6964c0e01404b9da2ccb36416477) Importer(815301076,1909f56bfc062723c751e8b465ee728b)  -> (artifact id: '478cde8dd0bf2952581a1fd21bc248d9') in 0.002346 seconds
Number of updated asset objects reloaded before import = 0
Number of asset objects unloaded after import = 0
========================================================================
Received Import Request.
  Time since last request: 0.099649 seconds.
  path: Assets/Solodream/VFX_FireballPack/Flipbooks/FireBall01-temperature_8x8.exr
  artifactKey: Guid(0d195d601a7eabb45970eb878c2a8228) Importer(815301076,1909f56bfc062723c751e8b465ee728b)
Start importing Assets/Solodream/VFX_FireballPack/Flipbooks/FireBall01-temperature_8x8.exr using Guid(0d195d601a7eabb45970eb878c2a8228) Importer(815301076,1909f56bfc062723c751e8b465ee728b)  -> (artifact id: 'f8ac457adc26bd60ea8deca34ba29bfa') in 0.889430 seconds
Number of updated asset objects reloaded before import = 0
Number of asset objects unloaded after import = 66
========================================================================
Received Import Request.
  Time since last request: 0.000039 seconds.
  path: Assets/Solodream/VFX_FireballPack/Flipbooks/FireBall02-temperature_8x8.exr
  artifactKey: Guid(acedb647a2538ca4d91c06a474261da2) Importer(815301076,1909f56bfc062723c751e8b465ee728b)
Start importing Assets/Solodream/VFX_FireballPack/Flipbooks/FireBall02-temperature_8x8.exr using Guid(acedb647a2538ca4d91c06a474261da2) Importer(815301076,1909f56bfc062723c751e8b465ee728b)  -> (artifact id: '89a5d7622f5e49b3d68e867248384934') in 0.696967 seconds
Number of updated asset objects reloaded before import = 0
Number of asset objects unloaded after import = 66
========================================================================
Received Import Request.
  Time since last request: 0.000088 seconds.
  path: Assets/Solodream/VFX_FireballPack/Flipbooks/FireBall02_8x8.exr
  artifactKey: Guid(37cdbbc8b99a87549905939815a4f56c) Importer(815301076,1909f56bfc062723c751e8b465ee728b)
Start importing Assets/Solodream/VFX_FireballPack/Flipbooks/FireBall02_8x8.exr using Guid(37cdbbc8b99a87549905939815a4f56c) Importer(815301076,1909f56bfc062723c751e8b465ee728b)  -> (artifact id: 'a404255ffb5e1b243c60880765246716') in 0.760483 seconds
Number of updated asset objects reloaded before import = 0
Number of asset objects unloaded after import = 66
========================================================================
Received Import Request.
  Time since last request: 0.000070 seconds.
  path: Assets/Solodream/VFX_FireballPack/Flipbooks/FireBall04_8x8.exr
  artifactKey: Guid(6611eff3de7a00848bff28089c03709d) Importer(815301076,1909f56bfc062723c751e8b465ee728b)
Start importing Assets/Solodream/VFX_FireballPack/Flipbooks/FireBall04_8x8.exr using Guid(6611eff3de7a00848bff28089c03709d) Importer(815301076,1909f56bfc062723c751e8b465ee728b)  -> (artifact id: '09b2645d2ec991b1f44c10ee51bd283c') in 0.531390 seconds
Number of updated asset objects reloaded before import = 0
Number of asset objects unloaded after import = 66
========================================================================
Received Import Request.
  Time since last request: 0.485118 seconds.
  path: Assets/Solodream/VFX_FireballPack/Prefabs/Fireball_Static
  artifactKey: Guid(6441ae1dfa7ba464299a128d7f7225cc) Importer(815301076,1909f56bfc062723c751e8b465ee728b)
Start importing Assets/Solodream/VFX_FireballPack/Prefabs/Fireball_Static using Guid(6441ae1dfa7ba464299a128d7f7225cc) Importer(815301076,1909f56bfc062723c751e8b465ee728b)  -> (artifact id: '83ac3f974346d6002c91f39719715400') in 0.001405 seconds
Number of updated asset objects reloaded before import = 0
Number of asset objects unloaded after import = 0
========================================================================
Received Import Request.
  Time since last request: 1.186751 seconds.
  path: Assets/Solodream/VFX_FireballPack/Prefabs/Fireball_Movement
  artifactKey: Guid(d2b9f3f63f5e26a4dac37294cbb3092f) Importer(815301076,1909f56bfc062723c751e8b465ee728b)
Start importing Assets/Solodream/VFX_FireballPack/Prefabs/Fireball_Movement using Guid(d2b9f3f63f5e26a4dac37294cbb3092f) Importer(815301076,1909f56bfc062723c751e8b465ee728b)  -> (artifact id: 'ecfca20c76e1db2a6fd6af36458df2ce') in 0.001921 seconds
Number of updated asset objects reloaded before import = 0
Number of asset objects unloaded after import = 0
========================================================================
Received Import Request.
  Time since last request: 0.804413 seconds.
  path: Assets/Solodream/VFX_FireballPack/Prefabs/Fireball_Movement/M_Fireball_01.prefab
  artifactKey: Guid(7cfb90d610063584d88b411f2a238e1c) Importer(815301076,1909f56bfc062723c751e8b465ee728b)
Start importing Assets/Solodream/VFX_FireballPack/Prefabs/Fireball_Movement/M_Fireball_01.prefab using Guid(7cfb90d610063584d88b411f2a238e1c) Importer(815301076,1909f56bfc062723c751e8b465ee728b)  -> (artifact id: '700fb23408bdc1e38faec3cf381b7309') in 0.726120 seconds
Number of updated asset objects reloaded before import = 0
Number of asset objects unloaded after import = 31
========================================================================
Received Import Request.
  Time since last request: 0.000062 seconds.
  path: Assets/Solodream/VFX_FireballPack/Prefabs/Fireball_Movement/M_Fireball_04.prefab
  artifactKey: Guid(93ec69b7752d3414fb9b621e56fa7eb2) Importer(815301076,1909f56bfc062723c751e8b465ee728b)
Start importing Assets/Solodream/VFX_FireballPack/Prefabs/Fireball_Movement/M_Fireball_04.prefab using Guid(93ec69b7752d3414fb9b621e56fa7eb2) Importer(815301076,1909f56bfc062723c751e8b465ee728b)  -> (artifact id: 'c328e525f73609cec29fd0a417a8c73f') in 0.040424 seconds
Number of updated asset objects reloaded before import = 0
Number of asset objects unloaded after import = 13
========================================================================
Received Import Request.
  Time since last request: 0.000099 seconds.
  path: Assets/Solodream/VFX_FireballPack/Prefabs/Fireball_Movement/M_Fireball_03.prefab
  artifactKey: Guid(0996da6632dc3cd428843a83bd2b86b5) Importer(815301076,1909f56bfc062723c751e8b465ee728b)
Start importing Assets/Solodream/VFX_FireballPack/Prefabs/Fireball_Movement/M_Fireball_03.prefab using Guid(0996da6632dc3cd428843a83bd2b86b5) Importer(815301076,1909f56bfc062723c751e8b465ee728b)  -> (artifact id: 'b72d9cace7c8b906e972308ba149fa59') in 0.036460 seconds
Number of updated asset objects reloaded before import = 0
Number of asset objects unloaded after import = 13
========================================================================
Received Import Request.
  Time since last request: 0.000047 seconds.
  path: Assets/Solodream/VFX_FireballPack/Prefabs/Fireball_Movement/M_Fireball_02.prefab
  artifactKey: Guid(800d06ea616a9554088d67223656d6bb) Importer(815301076,1909f56bfc062723c751e8b465ee728b)
Start importing Assets/Solodream/VFX_FireballPack/Prefabs/Fireball_Movement/M_Fireball_02.prefab using Guid(800d06ea616a9554088d67223656d6bb) Importer(815301076,1909f56bfc062723c751e8b465ee728b)  -> (artifact id: '2d998d449b28497e4dd9638c2add0191') in 0.038780 seconds
Number of updated asset objects reloaded before import = 0
Number of asset objects unloaded after import = 13
========================================================================
Received Import Request.
  Time since last request: 0.000060 seconds.
  path: Assets/Solodream/VFX_FireballPack/Prefabs/Fireball_Movement/M_Fireball_04_Temperature.prefab
  artifactKey: Guid(5bc14cdffd2814d4f81d19f0be99ecf7) Importer(815301076,1909f56bfc062723c751e8b465ee728b)
Start importing Assets/Solodream/VFX_FireballPack/Prefabs/Fireball_Movement/M_Fireball_04_Temperature.prefab using Guid(5bc14cdffd2814d4f81d19f0be99ecf7) Importer(815301076,1909f56bfc062723c751e8b465ee728b)  -> (artifact id: '904c5a55acf774590ee2311583d24354') in 0.034079 seconds
Number of updated asset objects reloaded before import = 0
Number of asset objects unloaded after import = 13
========================================================================
Received Import Request.
  Time since last request: 0.000037 seconds.
  path: Assets/Solodream/VFX_FireballPack/Prefabs/Fireball_Movement/M_Fireball_03_Temperature.prefab
  artifactKey: Guid(605e137cb3b276147b8ad40e9a5f7228) Importer(815301076,1909f56bfc062723c751e8b465ee728b)
Start importing Assets/Solodream/VFX_FireballPack/Prefabs/Fireball_Movement/M_Fireball_03_Temperature.prefab using Guid(605e137cb3b276147b8ad40e9a5f7228) Importer(815301076,1909f56bfc062723c751e8b465ee728b)  -> (artifact id: 'd9c3b41c7d59e7e235a7a35e36f94b98') in 0.033013 seconds
Number of updated asset objects reloaded before import = 0
Number of asset objects unloaded after import = 13
========================================================================
Received Import Request.
  Time since last request: 1.909374 seconds.
  path: Assets/Solodream/VFX_FireballPack/Prefabs/Fireball_Static/S_Fireball_01.prefab
  artifactKey: Guid(2bddad797c2838042a856f26f2f43f67) Importer(815301076,1909f56bfc062723c751e8b465ee728b)
Start importing Assets/Solodream/VFX_FireballPack/Prefabs/Fireball_Static/S_Fireball_01.prefab using Guid(2bddad797c2838042a856f26f2f43f67) Importer(815301076,1909f56bfc062723c751e8b465ee728b)  -> (artifact id: 'c9d21ea53cd7aa5b1a7cd92a107fbf3b') in 0.033712 seconds
Number of updated asset objects reloaded before import = 0
Number of asset objects unloaded after import = 13
========================================================================
Received Import Request.
  Time since last request: 0.000145 seconds.
  path: Assets/Solodream/VFX_FireballPack/Prefabs/Fireball_Static/S_Fireball_04_Temperature.prefab
  artifactKey: Guid(1fcb33881e5f8f249a83369797db36db) Importer(815301076,1909f56bfc062723c751e8b465ee728b)
Start importing Assets/Solodream/VFX_FireballPack/Prefabs/Fireball_Static/S_Fireball_04_Temperature.prefab using Guid(1fcb33881e5f8f249a83369797db36db) Importer(815301076,1909f56bfc062723c751e8b465ee728b)  -> (artifact id: '07c144d1f2cf87fe1eca198dbb2a6a0b') in 0.045356 seconds
Number of updated asset objects reloaded before import = 0
Number of asset objects unloaded after import = 13
========================================================================
Received Import Request.
  Time since last request: 0.000051 seconds.
  path: Assets/Solodream/VFX_FireballPack/Prefabs/Fireball_Static/S_Fireball_03_Temperature.prefab
  artifactKey: Guid(5f83705c3477c3640a62029d7215ad3e) Importer(815301076,1909f56bfc062723c751e8b465ee728b)
Start importing Assets/Solodream/VFX_FireballPack/Prefabs/Fireball_Static/S_Fireball_03_Temperature.prefab using Guid(5f83705c3477c3640a62029d7215ad3e) Importer(815301076,1909f56bfc062723c751e8b465ee728b)  -> (artifact id: '35508ebd764ef21df14e3969fc752315') in 0.034809 seconds
Number of updated asset objects reloaded before import = 0
Number of asset objects unloaded after import = 13
========================================================================
Received Import Request.
  Time since last request: 0.000049 seconds.
  path: Assets/Solodream/VFX_FireballPack/Prefabs/Fireball_Static/S_Fireball_02_Temperature.prefab
  artifactKey: Guid(c5ccfdbfed284b243beb1699a272140c) Importer(815301076,1909f56bfc062723c751e8b465ee728b)
Start importing Assets/Solodream/VFX_FireballPack/Prefabs/Fireball_Static/S_Fireball_02_Temperature.prefab using Guid(c5ccfdbfed284b243beb1699a272140c) Importer(815301076,1909f56bfc062723c751e8b465ee728b)  -> (artifact id: '620963176a5123199b08cf6b8c99361b') in 0.030412 seconds
Number of updated asset objects reloaded before import = 0
Number of asset objects unloaded after import = 13
========================================================================
Received Import Request.
  Time since last request: 57.666102 seconds.
  path: Assets/Solodream/VFX_FireballPack/Prefabs/Fireball_Static/S_Fireball_02.prefab
  artifactKey: Guid(840ccc1145d4b564f965a09f9bdaf08e) Importer(815301076,1909f56bfc062723c751e8b465ee728b)
Start importing Assets/Solodream/VFX_FireballPack/Prefabs/Fireball_Static/S_Fireball_02.prefab using Guid(840ccc1145d4b564f965a09f9bdaf08e) Importer(815301076,1909f56bfc062723c751e8b465ee728b)  -> (artifact id: 'fdb02060329a4ae443ece0ca751cc320') in 0.037109 seconds
Number of updated asset objects reloaded before import = 0
Number of asset objects unloaded after import = 13
========================================================================
Received Import Request.
  Time since last request: 3.223123 seconds.
  path: Assets/Solodream/VFX_FireballPack/Prefabs/Fireball_Static/S_Fireball_02.prefab
  artifactKey: Guid(840ccc1145d4b564f965a09f9bdaf08e) Importer(815301076,1909f56bfc062723c751e8b465ee728b)
Start importing Assets/Solodream/VFX_FireballPack/Prefabs/Fireball_Static/S_Fireball_02.prefab using Guid(840ccc1145d4b564f965a09f9bdaf08e) Importer(815301076,1909f56bfc062723c751e8b465ee728b)  -> (artifact id: '9ed167842425097b80296cfc78afe937') in 0.047789 seconds
Number of updated asset objects reloaded before import = 0
Number of asset objects unloaded after import = 13
========================================================================
Received Import Request.
  Time since last request: 22.969408 seconds.
  path: Assets/Solodream/VFX_FireballPack/VFX/Fireball_02.vfx
  artifactKey: Guid(6b1c060579bb6744dac2f1b13768eb7c) Importer(815301076,1909f56bfc062723c751e8b465ee728b)
Start importing Assets/Solodream/VFX_FireballPack/VFX/Fireball_02.vfx using Guid(6b1c060579bb6744dac2f1b13768eb7c) Importer(815301076,1909f56bfc062723c751e8b465ee728b)  -> (artifact id: '0ed451cc3dc7b741ffefd49f388f31de') in 0.011649 seconds
Number of updated asset objects reloaded before import = 0
Number of asset objects unloaded after import = 5
========================================================================
Received Import Request.
  Time since last request: 8.038775 seconds.
  path: Assets/Solodream/VFX_FireballPack/VFX/Fireball_02_Temperature.vfx
  artifactKey: Guid(8690c401c81b3fe4481ff43e5839da98) Importer(815301076,1909f56bfc062723c751e8b465ee728b)
Start importing Assets/Solodream/VFX_FireballPack/VFX/Fireball_02_Temperature.vfx using Guid(8690c401c81b3fe4481ff43e5839da98) Importer(815301076,1909f56bfc062723c751e8b465ee728b)  -> (artifact id: '459f30ba1e50b8893885debdfba79dc4') in 0.005643 seconds
Number of updated asset objects reloaded before import = 0
Number of asset objects unloaded after import = 5
========================================================================
Received Import Request.
  Time since last request: 1.278576 seconds.
  path: Assets/Solodream/VFX_FireballPack/VFX/Fireball_02_withTrails.vfx
  artifactKey: Guid(bf7e3c40f8fdc1844ac5d58a328c429c) Importer(815301076,1909f56bfc062723c751e8b465ee728b)
Start importing Assets/Solodream/VFX_FireballPack/VFX/Fireball_02_withTrails.vfx using Guid(bf7e3c40f8fdc1844ac5d58a328c429c) Importer(815301076,1909f56bfc062723c751e8b465ee728b)  -> (artifact id: '5f64def9a6640fd33e5ec639da86481b') in 0.009699 seconds
Number of updated asset objects reloaded before import = 0
Number of asset objects unloaded after import = 9
========================================================================
Received Import Request.
  Time since last request: 0.741915 seconds.
  path: Assets/Solodream/VFX_FireballPack/VFX/Fireball_03_Temperature.vfx
  artifactKey: Guid(632f355c6ad89c7469deaf43be407b44) Importer(815301076,1909f56bfc062723c751e8b465ee728b)
Start importing Assets/Solodream/VFX_FireballPack/VFX/Fireball_03_Temperature.vfx using Guid(632f355c6ad89c7469deaf43be407b44) Importer(815301076,1909f56bfc062723c751e8b465ee728b)  -> (artifact id: '0a100c4dbeee5fe9f9afd4e918043d39') in 0.006055 seconds
Number of updated asset objects reloaded before import = 0
Number of asset objects unloaded after import = 5
========================================================================
Received Import Request.
  Time since last request: 1.641957 seconds.
  path: Assets/Solodream/VFX_FireballPack/VFX/Fireball_04.vfx
  artifactKey: Guid(83d594618dd2a3d4c86156cde65dc855) Importer(815301076,1909f56bfc062723c751e8b465ee728b)
Start importing Assets/Solodream/VFX_FireballPack/VFX/Fireball_04.vfx using Guid(83d594618dd2a3d4c86156cde65dc855) Importer(815301076,1909f56bfc062723c751e8b465ee728b)  -> (artifact id: '81bf822f1807c3fa4b792ec22230491c') in 0.005510 seconds
Number of updated asset objects reloaded before import = 0
Number of asset objects unloaded after import = 5
========================================================================
Received Prepare
Begin MonoManager ReloadAssembly
Duplicate assembly 'websocket-sharp.dll' with different versions detected, using 'Packages/com.unity.services.wire/Plugins/websocket-sharp.dll, AssemblyName=websocket-sharp, Version=1.0.2.18559, Culture=neutral, PublicKeyToken=5660b08a1845a91e' and ignoring 'Assets/Photon/PhotonLibs/WebSocket/websocket-sharp.dll, AssemblyName=websocket-sharp, Version=1.0.2.0, Culture=neutral, PublicKeyToken=5660b08a1845a91e'.Symbol file LoadedFromMemory is not a mono symbol file
- Loaded All Assemblies, in  3.013 seconds
Refreshing native plugins compatible for Editor in 113.40 ms, found 10 plugins.
Native extension for WindowsStandalone target not found
[Package Manager] Server::EnsureServerProcessIsRunning -- launch failed, reason: Unity was launched with the -noUpm command-line argument
[Package Manager] UpmClient::Send -- Unable to send message (not connected to UPM process).
[Package Manager] Cannot connect to Unity Package Manager local server
[Package Manager] Server::EnsureServerProcessIsRunning -- launch failed, reason: Unity was launched with the -noUpm command-line argument
[Package Manager] UpmClient::Send -- Unable to send message (not connected to UPM process).
[Package Manager] Cannot connect to Unity Package Manager local server
Error loading file Library/StateCache/LayerSettings/9e/9ecc5c3c162a7aba29bafa64c8b94b7c.json. Error: System.IO.IOException: Sharing violation on path C:\Project\UnityPersonal\VrValem\Library\StateCache\LayerSettings\9e\9ecc5c3c162a7aba29bafa64c8b94b7c.json
  at System.IO.FileStream..ctor (System.String path, System.IO.FileMode mode, System.IO.FileAccess access, System.IO.FileShare share, System.Int32 bufferSize, System.Boolean anonymous, System.IO.FileOptions options) [0x0019e] in <bfbc89a04b6b4dd49c3614d03fc31ce8>:0 
  at System.IO.FileStream..ctor (System.String path, System.IO.FileMode mode, System.IO.FileAccess access, System.IO.FileShare share, System.Int32 bufferSize, System.IO.FileOptions options) [0x00000] in <bfbc89a04b6b4dd49c3614d03fc31ce8>:0 
  at (wrapper remoting-invoke-with-check) System.IO.FileStream..ctor(string,System.IO.FileMode,System.IO.FileAccess,System.IO.FileShare,int,System.IO.FileOptions)
  at System.IO.StreamReader..ctor (System.String path, System.Text.Encoding encoding, System.Boolean detectEncodingFromByteOrderMarks, System.Int32 bufferSize) [0x00055] in <bfbc89a04b6b4dd49c3614d03fc31ce8>:0 
  at System.IO.StreamReader..ctor (System.String path, System.Text.Encoding encoding, System.Boolean detectEncodingFromByteOrderMarks) [0x00000] in <bfbc89a04b6b4dd49c3614d03fc31ce8>:0 
  at (wrapper remoting-invoke-with-check) System.IO.StreamReader..ctor(string,System.Text.Encoding,bool)
  at System.IO.File.InternalReadAllText (System.String path, System.Text.Encoding encoding) [0x00000] in <bfbc89a04b6b4dd49c3614d03fc31ce8>:0 
  at System.IO.File.ReadAllText (System.String path, System.Text.Encoding encoding) [0x00034] in <bfbc89a04b6b4dd49c3614d03fc31ce8>:0 
  at UnityEditor.StateCache`1[T].GetState (UnityEngine.Hash128 key, T defaultValue) [0x00041] in <2acbecbc299e4654adc94df891af51f2>:0 
UnityEngine.StackTraceUtility:ExtractStackTrace ()
UnityEngine.DebugLogHandler:LogFormat (UnityEngine.LogType,UnityEngine.Object,string,object[])
UnityEngine.Logger:Log (UnityEngine.LogType,object)
UnityEngine.Debug:LogError (object)
UnityEditor.StateCache`1<UnityEditor.Tools/LayerSettings>:GetState (UnityEngine.Hash128,UnityEditor.Tools/LayerSettings)
UnityEditor.Tools:OnEnable ()
UnityEngine.ScriptableObject:CreateInstance (System.Type)
UnityEngine.ScriptableObject:CreateInstance<UnityEditor.Tools> ()
UnityEditor.Tools:get_get ()
UnityEditor.Tools:get_visibleLayers ()
UnityEditor.Animations.Rigging.BoneRendererUtils:.cctor () (at ./Library/PackageCache/com.unity.animation.rigging@1.2.1/Editor/Utils/BoneRendererUtils.cs:121)
System.Runtime.CompilerServices.RuntimeHelpers:RunClassConstructor (System.RuntimeTypeHandle)
UnityEditor.EditorAssemblies:ProcessInitializeOnLoadAttributes (System.Type[])

(Filename: ./Library/PackageCache/com.unity.animation.rigging@1.2.1/Editor/Utils/BoneRendererUtils.cs Line: 121)

[MODES] ModeService[none].Initialize
[MODES] ModeService[none].LoadModes
[MODES] Loading mode Default (0) for mode-current-id-VrValem
Mono: successfully reloaded assembly
[Package Manager] Server::EnsureServerProcessIsRunning -- launch failed, reason: Unity was launched with the -noUpm command-line argument
[Package Manager] UpmClient::Send -- Unable to send message (not connected to UPM process).
[Package Manager] Cannot connect to Unity Package Manager local server
- Finished resetting the current domain, in  9.987 seconds
Domain Reload Profiling: 12936ms
	BeginReloadAssembly (727ms)
		ExecutionOrderSort (0ms)
		DisableScriptedObjects (37ms)
		BackupInstance (0ms)
		ReleaseScriptingObjects (0ms)
		CreateAndSetChildDomain (197ms)
	RebuildCommonClasses (90ms)
	RebuildNativeTypeToScriptingClass (36ms)
	initialDomainReloadingComplete (326ms)
	LoadAllAssembliesAndSetupDomain (1768ms)
		LoadAssemblies (1853ms)
		RebuildTransferFunctionScriptingTraits (0ms)
		AnalyzeDomain (248ms)
			TypeCache.Refresh (40ms)
				TypeCache.ScanAssembly (3ms)
			ScanForSourceGeneratedMonoScriptInfo (140ms)
			ResolveRequiredComponents (65ms)
	FinalizeReload (9988ms)
		ReleaseScriptCaches (0ms)
		RebuildScriptCaches (0ms)
		SetupLoadedEditorAssemblies (2467ms)
			LogAssemblyErrors (0ms)
			InitializePlatformSupportModulesInManaged (28ms)
			SetLoadedEditorAssemblies (12ms)
			RefreshPlugins (0ms)
			BeforeProcessingInitializeOnLoad (410ms)
			ProcessInitializeOnLoadAttributes (1664ms)
			ProcessInitializeOnLoadMethodAttributes (319ms)
			AfterProcessingInitializeOnLoad (32ms)
			EditorAssembliesLoaded (1ms)
		ExecutionOrderSort2 (0ms)
		AwakeInstancesAfterBackupRestoration (58ms)
Refreshing native plugins compatible for Editor in 200.65 ms, found 10 plugins.
Preloading 0 native plugins for Editor in 0.00 ms.
Unloading 8656 Unused Serialized files (Serialized files now loaded: 0)
Unloading 121 unused Assets / (2.4 MB). Loaded Objects now: 9397.
Memory consumption went from 288.2 MB to 285.8 MB.
Total: 24.797200 ms (FindLiveObjects: 1.738800 ms CreateObjectMapping: 1.647300 ms MarkObjects: 17.267500 ms  DeleteObjects: 4.138700 ms)

Prepare: number of updated asset objects reloaded= 0
AssetImportParameters requested are different than current active one (requested -> active):
  custom:container-demuxer-ogg: 62fdf1f143b41e24485cea50d1cbac27 -> 
  custom:framework-win-MediaFoundation: 216162199b28c13a410421893ffa2e32 -> 
  custom:container-muxer-webm: aa71ff27fc2769a1b78a27578f13a17b -> 
  custom:video-decoder-webm-vp8: 9c59270c3fd7afecdb556c50c9e8de78 -> 
  custom:SearchIndexIgnoredProperties: e643bd26f0fe6173181afceb89e7c659 -> 
  custom:AudioImporter_EditorPlatform: d09bf68614088b80899f8185d706f6e7 -> 
  custom:audio-decoder-ogg-vorbis: bf7c407c2cedff20999df2af8eb42d56 -> 
  custom:audio-encoder-webm-vorbis: bf7c407c2cedff20999df2af8eb42d56 -> 
  custom:video-decoder-ogg-theora: a1e56fd34408186e4bbccfd4996cb3dc -> 
  custom:CustomObjectIndexerAttribute: 62b5816608c3102f162a1797e29626cf -> 
  custom:container-demuxer-webm: 4f35f7cbe854078d1ac9338744f61a02 -> 
  custom:video-encoder-webm-vp8: eb34c28f22e8b96e1ab97ce403110664 -> 
========================================================================
Received Import Request.
  Time since last request: 395.009616 seconds.
  path: Assets/shader/New Shader Sub Graph.shadersubgraph
  artifactKey: Guid(a437a20524bfdd948a12bcc2edbb6fa8) Importer(815301076,1909f56bfc062723c751e8b465ee728b)
Start importing Assets/shader/New Shader Sub Graph.shadersubgraph using Guid(a437a20524bfdd948a12bcc2edbb6fa8) Importer(815301076,1909f56bfc062723c751e8b465ee728b)  -> (artifact id: '0d4cf1bac16df1568306d6d1ddc01e18') in 0.060657 seconds
Number of updated asset objects reloaded before import = 0
Number of asset objects unloaded after import = 1
========================================================================
Received Import Request.
  Time since last request: 83.597738 seconds.
  path: Assets/shader/FireBall.shadergraph
  artifactKey: Guid(4ab3f4966217aea4ca28a88be1d84425) Importer(815301076,1909f56bfc062723c751e8b465ee728b)
Start importing Assets/shader/FireBall.shadergraph using Guid(4ab3f4966217aea4ca28a88be1d84425) Importer(815301076,1909f56bfc062723c751e8b465ee728b)  -> (artifact id: 'c3c7ed06f8fa74dd5d00c62fb20a4519') in 2.134279 seconds
Number of updated asset objects reloaded before import = 0
Number of asset objects unloaded after import = 21
========================================================================
Received Prepare
Begin MonoManager ReloadAssembly
Duplicate assembly 'websocket-sharp.dll' with different versions detected, using 'Packages/com.unity.services.wire/Plugins/websocket-sharp.dll, AssemblyName=websocket-sharp, Version=1.0.2.18559, Culture=neutral, PublicKeyToken=5660b08a1845a91e' and ignoring 'Assets/Photon/PhotonLibs/WebSocket/websocket-sharp.dll, AssemblyName=websocket-sharp, Version=1.0.2.0, Culture=neutral, PublicKeyToken=5660b08a1845a91e'.Symbol file LoadedFromMemory is not a mono symbol file
- Loaded All Assemblies, in  3.544 seconds
Refreshing native plugins compatible for Editor in 42.83 ms, found 10 plugins.
Native extension for WindowsStandalone target not found
[Package Manager] Server::EnsureServerProcessIsRunning -- launch failed, reason: Unity was launched with the -noUpm command-line argument
[Package Manager] UpmClient::Send -- Unable to send message (not connected to UPM process).
[Package Manager] Cannot connect to Unity Package Manager local server
[Package Manager] Server::EnsureServerProcessIsRunning -- launch failed, reason: Unity was launched with the -noUpm command-line argument
[Package Manager] UpmClient::Send -- Unable to send message (not connected to UPM process).
[Package Manager] Cannot connect to Unity Package Manager local server
[MODES] ModeService[none].Initialize
[MODES] ModeService[none].LoadModes
[MODES] Loading mode Default (0) for mode-current-id-VrValem
Mono: successfully reloaded assembly
[Package Manager] Server::EnsureServerProcessIsRunning -- launch failed, reason: Unity was launched with the -noUpm command-line argument
[Package Manager] UpmClient::Send -- Unable to send message (not connected to UPM process).
[Package Manager] Cannot connect to Unity Package Manager local server
- Finished resetting the current domain, in  7.285 seconds
Domain Reload Profiling: 10796ms
	BeginReloadAssembly (1094ms)
		ExecutionOrderSort (0ms)
		DisableScriptedObjects (65ms)
		BackupInstance (0ms)
		ReleaseScriptingObjects (1ms)
		CreateAndSetChildDomain (486ms)
	RebuildCommonClasses (115ms)
	RebuildNativeTypeToScriptingClass (35ms)
	initialDomainReloadingComplete (272ms)
	LoadAllAssembliesAndSetupDomain (1994ms)
		LoadAssemblies (2214ms)
		RebuildTransferFunctionScriptingTraits (0ms)
		AnalyzeDomain (176ms)
			TypeCache.Refresh (51ms)
				TypeCache.ScanAssembly (4ms)
			ScanForSourceGeneratedMonoScriptInfo (95ms)
			ResolveRequiredComponents (29ms)
	FinalizeReload (7286ms)
		ReleaseScriptCaches (0ms)
		RebuildScriptCaches (0ms)
		SetupLoadedEditorAssemblies (2740ms)
			LogAssemblyErrors (0ms)
			InitializePlatformSupportModulesInManaged (29ms)
			SetLoadedEditorAssemblies (24ms)
			RefreshPlugins (0ms)
			BeforeProcessingInitializeOnLoad (451ms)
			ProcessInitializeOnLoadAttributes (1926ms)
			ProcessInitializeOnLoadMethodAttributes (283ms)
			AfterProcessingInitializeOnLoad (24ms)
			EditorAssembliesLoaded (2ms)
		ExecutionOrderSort2 (0ms)
		AwakeInstancesAfterBackupRestoration (61ms)
Refreshing native plugins compatible for Editor in 61.51 ms, found 10 plugins.
Preloading 0 native plugins for Editor in 0.00 ms.
Unloading 8663 Unused Serialized files (Serialized files now loaded: 0)
Unloading 116 unused Assets / (1.6 MB). Loaded Objects now: 9485.
Memory consumption went from 291.3 MB to 289.6 MB.
Total: 17.248900 ms (FindLiveObjects: 0.923800 ms CreateObjectMapping: 0.593000 ms MarkObjects: 14.086600 ms  DeleteObjects: 1.642200 ms)

Prepare: number of updated asset objects reloaded= 0
AssetImportParameters requested are different than current active one (requested -> active):
  custom:container-demuxer-ogg: 62fdf1f143b41e24485cea50d1cbac27 -> 
  custom:framework-win-MediaFoundation: 216162199b28c13a410421893ffa2e32 -> 
  custom:container-muxer-webm: aa71ff27fc2769a1b78a27578f13a17b -> 
  custom:video-decoder-webm-vp8: 9c59270c3fd7afecdb556c50c9e8de78 -> 
  custom:SearchIndexIgnoredProperties: e643bd26f0fe6173181afceb89e7c659 -> 
  custom:AudioImporter_EditorPlatform: d09bf68614088b80899f8185d706f6e7 -> 
  custom:audio-decoder-ogg-vorbis: bf7c407c2cedff20999df2af8eb42d56 -> 
  custom:audio-encoder-webm-vorbis: bf7c407c2cedff20999df2af8eb42d56 -> 
  custom:video-decoder-ogg-theora: a1e56fd34408186e4bbccfd4996cb3dc -> 
  custom:CustomObjectIndexerAttribute: 62b5816608c3102f162a1797e29626cf -> 
  custom:container-demuxer-webm: 4f35f7cbe854078d1ac9338744f61a02 -> 
  custom:video-encoder-webm-vp8: eb34c28f22e8b96e1ab97ce403110664 -> 
========================================================================
Received Import Request.
  Time since last request: 5953.571490 seconds.
  path: Assets/RealToon
  artifactKey: Guid(3ae8fd2b9470bbd4baec6b42ca423291) Importer(815301076,1909f56bfc062723c751e8b465ee728b)
Start importing Assets/RealToon using Guid(3ae8fd2b9470bbd4baec6b42ca423291) Importer(815301076,1909f56bfc062723c751e8b465ee728b)  -> (artifact id: 'd313e9eee4e2b6cbc66c67ec701f4c88') in 0.005439 seconds
Number of updated asset objects reloaded before import = 0
Number of asset objects unloaded after import = 0
========================================================================
Received Import Request.
  Time since last request: 1.127624 seconds.
  path: Assets/RealToon/RealToon (User Guide).pdf
  artifactKey: Guid(1ecd1292463dbba41ae18d3c9c8dfafd) Importer(815301076,1909f56bfc062723c751e8b465ee728b)
Start importing Assets/RealToon/RealToon (User Guide).pdf using Guid(1ecd1292463dbba41ae18d3c9c8dfafd) Importer(815301076,1909f56bfc062723c751e8b465ee728b)  -> (artifact id: 'd71878de0fab9b39c3d4aa283fb13092') in 0.026717 seconds
Number of updated asset objects reloaded before import = 0
Number of asset objects unloaded after import = 1
========================================================================
Received Import Request.
  Time since last request: 0.587494 seconds.
  path: Assets/RealToon/ReadMe - Important - Guide.txt
  artifactKey: Guid(1a9714562b1d1f54b8209db56f4f9722) Importer(815301076,1909f56bfc062723c751e8b465ee728b)
Start importing Assets/RealToon/ReadMe - Important - Guide.txt using Guid(1a9714562b1d1f54b8209db56f4f9722) Importer(815301076,1909f56bfc062723c751e8b465ee728b)  -> (artifact id: '97c908249d2975c64a792afebc9f14eb') in 0.002590 seconds
Number of updated asset objects reloaded before import = 0
Number of asset objects unloaded after import = 1
========================================================================
Received Import Request.
  Time since last request: 1.439409 seconds.
  path: Assets/RealToon/Change - Fix Log.txt
  artifactKey: Guid(dc22032b278b46f469de30872180ade5) Importer(815301076,1909f56bfc062723c751e8b465ee728b)
Start importing Assets/RealToon/Change - Fix Log.txt using Guid(dc22032b278b46f469de30872180ade5) Importer(815301076,1909f56bfc062723c751e8b465ee728b)  -> (artifact id: 'e1c9d3da123e8039db217e1b4203d678') in 0.004746 seconds
Number of updated asset objects reloaded before import = 0
Number of asset objects unloaded after import = 1
========================================================================
Received Import Request.
  Time since last request: 0.614157 seconds.
  path: Assets/RealToon/For VRoid-VRM users.txt
  artifactKey: Guid(82bc586cc72389c489021c62b8bc8333) Importer(815301076,1909f56bfc062723c751e8b465ee728b)
Start importing Assets/RealToon/For VRoid-VRM users.txt using Guid(82bc586cc72389c489021c62b8bc8333) Importer(815301076,1909f56bfc062723c751e8b465ee728b)  -> (artifact id: 'bf1718c9c4da4c7b794c829040368928') in 0.002790 seconds
Number of updated asset objects reloaded before import = 0
Number of asset objects unloaded after import = 1
========================================================================
Received Import Request.
  Time since last request: 3.963467 seconds.
  path: Assets/RealToon/What's New.txt
  artifactKey: Guid(c26904c71091b8245b97cc178a3802dc) Importer(815301076,1909f56bfc062723c751e8b465ee728b)
Start importing Assets/RealToon/What's New.txt using Guid(c26904c71091b8245b97cc178a3802dc) Importer(815301076,1909f56bfc062723c751e8b465ee728b)  -> (artifact id: 'ebe2058809be12b1a80eac5d28b2889e') in 0.005074 seconds
Number of updated asset objects reloaded before import = 0
Number of asset objects unloaded after import = 1
========================================================================
Received Import Request.
  Time since last request: 139.558101 seconds.
  path: Assets/RealToon/RealToon Examples
  artifactKey: Guid(a9230142ad8a58a4ab9dd5d136a7dd21) Importer(815301076,1909f56bfc062723c751e8b465ee728b)
Start importing Assets/RealToon/RealToon Examples using Guid(a9230142ad8a58a4ab9dd5d136a7dd21) Importer(815301076,1909f56bfc062723c751e8b465ee728b)  -> (artifact id: 'a6760a6d3f63e49d24dcaab5051aa7a6') in 0.001482 seconds
Number of updated asset objects reloaded before import = 0
Number of asset objects unloaded after import = 0
========================================================================
Received Import Request.
  Time since last request: 0.636992 seconds.
  path: Assets/RealToon/RealToon Tools
  artifactKey: Guid(8503504c0d606ac44a6f11bc845e085b) Importer(815301076,1909f56bfc062723c751e8b465ee728b)
Start importing Assets/RealToon/RealToon Tools using Guid(8503504c0d606ac44a6f11bc845e085b) Importer(815301076,1909f56bfc062723c751e8b465ee728b)  -> (artifact id: 'ef6b9074293e6c513b4ec544b08b173b') in 0.001295 seconds
Number of updated asset objects reloaded before import = 0
Number of asset objects unloaded after import = 0
========================================================================
Received Import Request.
  Time since last request: 9.777507 seconds.
  path: Assets/RealToon/RealToon Shader Packages
  artifactKey: Guid(f4f609eb2dc9c9f409de74267e0a996a) Importer(815301076,1909f56bfc062723c751e8b465ee728b)
Start importing Assets/RealToon/RealToon Shader Packages using Guid(f4f609eb2dc9c9f409de74267e0a996a) Importer(815301076,1909f56bfc062723c751e8b465ee728b)  -> (artifact id: '602b631c73259e57d6447cdd59366933') in 0.001667 seconds
Number of updated asset objects reloaded before import = 0
Number of asset objects unloaded after import = 0
========================================================================
Received Import Request.
  Time since last request: 2.692699 seconds.
  path: Assets/RealToon/RealToon Shader Packages/SRP (LWRP - URP - HDRP)
  artifactKey: Guid(ab3032666bf87064a80b0c304f26d5c1) Importer(815301076,1909f56bfc062723c751e8b465ee728b)
Start importing Assets/RealToon/RealToon Shader Packages/SRP (LWRP - URP - HDRP) using Guid(ab3032666bf87064a80b0c304f26d5c1) Importer(815301076,1909f56bfc062723c751e8b465ee728b)  -> (artifact id: '843efaff3a3f6b672e23bda779cb5a36') in 0.002032 seconds
Number of updated asset objects reloaded before import = 0
Number of asset objects unloaded after import = 0
========================================================================
Received Import Request.
  Time since last request: 2.467060 seconds.
  path: Assets/RealToon/RealToon Shader Packages/Built-In RP [3D]
  artifactKey: Guid(e72951d640cc35347a5d787682fa51d0) Importer(815301076,1909f56bfc062723c751e8b465ee728b)
Start importing Assets/RealToon/RealToon Shader Packages/Built-In RP [3D] using Guid(e72951d640cc35347a5d787682fa51d0) Importer(815301076,1909f56bfc062723c751e8b465ee728b)  -> (artifact id: '7d9843059b8339281f835a31590ec1ee') in 0.000961 seconds
Number of updated asset objects reloaded before import = 0
Number of asset objects unloaded after import = 0
========================================================================
Received Import Request.
  Time since last request: 2.416192 seconds.
  path: Assets/RealToon/RealToon Shader Packages/SRP (LWRP - URP - HDRP)/URP
  artifactKey: Guid(4fb4eafaaec7fd641960ecf923a9f59e) Importer(815301076,1909f56bfc062723c751e8b465ee728b)
Start importing Assets/RealToon/RealToon Shader Packages/SRP (LWRP - URP - HDRP)/URP using Guid(4fb4eafaaec7fd641960ecf923a9f59e) Importer(815301076,1909f56bfc062723c751e8b465ee728b)  -> (artifact id: 'e41e6c77056271feb409be88eb9c7b47') in 0.002469 seconds
Number of updated asset objects reloaded before import = 0
Number of asset objects unloaded after import = 0
========================================================================
Received Import Request.
  Time since last request: 1.247344 seconds.
  path: Assets/RealToon/RealToon Shader Packages/SRP (LWRP - URP - HDRP)/URP/RealToon URP (URP 10 and 11).unitypackage
  artifactKey: Guid(255c2920f5d871f498fd79a38ed62d0a) Importer(815301076,1909f56bfc062723c751e8b465ee728b)
Start importing Assets/RealToon/RealToon Shader Packages/SRP (LWRP - URP - HDRP)/URP/RealToon URP (URP 10 and 11).unitypackage using Guid(255c2920f5d871f498fd79a38ed62d0a) Importer(815301076,1909f56bfc062723c751e8b465ee728b)  -> (artifact id: 'f89cb498c996644eed57defc9e967d75') in 0.003328 seconds
Number of updated asset objects reloaded before import = 0
Number of asset objects unloaded after import = 1
========================================================================
Received Import Request.
  Time since last request: 0.664529 seconds.
  path: Assets/RealToon/RealToon Shader Packages/SRP (LWRP - URP - HDRP)/URP/RealToon URP (URP 12 and 13).unitypackage
  artifactKey: Guid(64eaef0e35fcb9e49bd1a04b94e19f0e) Importer(815301076,1909f56bfc062723c751e8b465ee728b)
Start importing Assets/RealToon/RealToon Shader Packages/SRP (LWRP - URP - HDRP)/URP/RealToon URP (URP 12 and 13).unitypackage using Guid(64eaef0e35fcb9e49bd1a04b94e19f0e) Importer(815301076,1909f56bfc062723c751e8b465ee728b)  -> (artifact id: '1ab1ff234c9c5a51c7ddf09a7d1b62d7') in 0.003749 seconds
Number of updated asset objects reloaded before import = 0
Number of asset objects unloaded after import = 1
========================================================================
Received Import Request.
  Time since last request: 0.557059 seconds.
  path: Assets/RealToon/RealToon Shader Packages/SRP (LWRP - URP - HDRP)/URP/RealToon URP (URP 14).unitypackage
  artifactKey: Guid(87dab9f3cd04bda4eb7ce2b0ecd21a90) Importer(815301076,1909f56bfc062723c751e8b465ee728b)
Start importing Assets/RealToon/RealToon Shader Packages/SRP (LWRP - URP - HDRP)/URP/RealToon URP (URP 14).unitypackage using Guid(87dab9f3cd04bda4eb7ce2b0ecd21a90) Importer(815301076,1909f56bfc062723c751e8b465ee728b)  -> (artifact id: '3f3fe1f6e5a693a23bd3dec72881bfd3') in 0.001990 seconds
Number of updated asset objects reloaded before import = 0
Number of asset objects unloaded after import = 1
========================================================================
Received Import Request.
  Time since last request: 0.579863 seconds.
  path: Assets/RealToon/RealToon Shader Packages/SRP (LWRP - URP - HDRP)/URP/RealToon URP (URP 15 and Later).unitypackage
  artifactKey: Guid(3ddd2fe6b70392344abe505f0f9b226b) Importer(815301076,1909f56bfc062723c751e8b465ee728b)
Start importing Assets/RealToon/RealToon Shader Packages/SRP (LWRP - URP - HDRP)/URP/RealToon URP (URP 15 and Later).unitypackage using Guid(3ddd2fe6b70392344abe505f0f9b226b) Importer(815301076,1909f56bfc062723c751e8b465ee728b)  -> (artifact id: '736a669ff99646ddbb5250cdeb4e0901') in 0.001793 seconds
Number of updated asset objects reloaded before import = 0
Number of asset objects unloaded after import = 1
========================================================================
Received Prepare
Begin MonoManager ReloadAssembly
Duplicate assembly 'websocket-sharp.dll' with different versions detected, using 'Packages/com.unity.services.wire/Plugins/websocket-sharp.dll, AssemblyName=websocket-sharp, Version=1.0.2.18559, Culture=neutral, PublicKeyToken=5660b08a1845a91e' and ignoring 'Assets/Photon/PhotonLibs/WebSocket/websocket-sharp.dll, AssemblyName=websocket-sharp, Version=1.0.2.0, Culture=neutral, PublicKeyToken=5660b08a1845a91e'.Symbol file LoadedFromMemory is not a mono symbol file
- Loaded All Assemblies, in  2.178 seconds
Refreshing native plugins compatible for Editor in 77.17 ms, found 10 plugins.
Native extension for WindowsStandalone target not found
[Package Manager] Server::EnsureServerProcessIsRunning -- launch failed, reason: Unity was launched with the -noUpm command-line argument
[Package Manager] UpmClient::Send -- Unable to send message (not connected to UPM process).
[Package Manager] Cannot connect to Unity Package Manager local server
[Package Manager] Server::EnsureServerProcessIsRunning -- launch failed, reason: Unity was launched with the -noUpm command-line argument
[Package Manager] UpmClient::Send -- Unable to send message (not connected to UPM process).
[Package Manager] Cannot connect to Unity Package Manager local server
Error loading file Library/StateCache/LayerSettings/9e/9ecc5c3c162a7aba29bafa64c8b94b7c.json. Error: System.IO.IOException: Sharing violation on path C:\Project\UnityPersonal\VrValem\Library\StateCache\LayerSettings\9e\9ecc5c3c162a7aba29bafa64c8b94b7c.json
  at System.IO.FileStream..ctor (System.String path, System.IO.FileMode mode, System.IO.FileAccess access, System.IO.FileShare share, System.Int32 bufferSize, System.Boolean anonymous, System.IO.FileOptions options) [0x0019e] in <bfbc89a04b6b4dd49c3614d03fc31ce8>:0 
  at System.IO.FileStream..ctor (System.String path, System.IO.FileMode mode, System.IO.FileAccess access, System.IO.FileShare share, System.Int32 bufferSize, System.IO.FileOptions options) [0x00000] in <bfbc89a04b6b4dd49c3614d03fc31ce8>:0 
  at (wrapper remoting-invoke-with-check) System.IO.FileStream..ctor(string,System.IO.FileMode,System.IO.FileAccess,System.IO.FileShare,int,System.IO.FileOptions)
  at System.IO.StreamReader..ctor (System.String path, System.Text.Encoding encoding, System.Boolean detectEncodingFromByteOrderMarks, System.Int32 bufferSize) [0x00055] in <bfbc89a04b6b4dd49c3614d03fc31ce8>:0 
  at System.IO.StreamReader..ctor (System.String path, System.Text.Encoding encoding, System.Boolean detectEncodingFromByteOrderMarks) [0x00000] in <bfbc89a04b6b4dd49c3614d03fc31ce8>:0 
  at (wrapper remoting-invoke-with-check) System.IO.StreamReader..ctor(string,System.Text.Encoding,bool)
  at System.IO.File.InternalReadAllText (System.String path, System.Text.Encoding encoding) [0x00000] in <bfbc89a04b6b4dd49c3614d03fc31ce8>:0 
  at System.IO.File.ReadAllText (System.String path, System.Text.Encoding encoding) [0x00034] in <bfbc89a04b6b4dd49c3614d03fc31ce8>:0 
  at UnityEditor.StateCache`1[T].GetState (UnityEngine.Hash128 key, T defaultValue) [0x00041] in <2acbecbc299e4654adc94df891af51f2>:0 
UnityEngine.StackTraceUtility:ExtractStackTrace ()
UnityEngine.DebugLogHandler:LogFormat (UnityEngine.LogType,UnityEngine.Object,string,object[])
UnityEngine.Logger:Log (UnityEngine.LogType,object)
UnityEngine.Debug:LogError (object)
UnityEditor.StateCache`1<UnityEditor.Tools/LayerSettings>:GetState (UnityEngine.Hash128,UnityEditor.Tools/LayerSettings)
UnityEditor.Tools:OnEnable ()
UnityEngine.ScriptableObject:CreateInstance (System.Type)
UnityEngine.ScriptableObject:CreateInstance<UnityEditor.Tools> ()
UnityEditor.Tools:get_get ()
UnityEditor.Tools:get_visibleLayers ()
UnityEditor.Animations.Rigging.BoneRendererUtils:.cctor () (at ./Library/PackageCache/com.unity.animation.rigging@1.2.1/Editor/Utils/BoneRendererUtils.cs:121)
System.Runtime.CompilerServices.RuntimeHelpers:RunClassConstructor (System.RuntimeTypeHandle)
UnityEditor.EditorAssemblies:ProcessInitializeOnLoadAttributes (System.Type[])

(Filename: ./Library/PackageCache/com.unity.animation.rigging@1.2.1/Editor/Utils/BoneRendererUtils.cs Line: 121)

[MODES] ModeService[none].Initialize
[MODES] ModeService[none].LoadModes
[MODES] Loading mode Default (0) for mode-current-id-VrValem
Mono: successfully reloaded assembly
[Package Manager] Server::EnsureServerProcessIsRunning -- launch failed, reason: Unity was launched with the -noUpm command-line argument
[Package Manager] UpmClient::Send -- Unable to send message (not connected to UPM process).
[Package Manager] Cannot connect to Unity Package Manager local server
- Finished resetting the current domain, in  6.359 seconds
Domain Reload Profiling: 8510ms
	BeginReloadAssembly (626ms)
		ExecutionOrderSort (0ms)
		DisableScriptedObjects (11ms)
		BackupInstance (0ms)
		ReleaseScriptingObjects (0ms)
		CreateAndSetChildDomain (113ms)
	RebuildCommonClasses (78ms)
	RebuildNativeTypeToScriptingClass (34ms)
	initialDomainReloadingComplete (212ms)
	LoadAllAssembliesAndSetupDomain (1199ms)
		LoadAssemblies (1422ms)
		RebuildTransferFunctionScriptingTraits (0ms)
		AnalyzeDomain (186ms)
			TypeCache.Refresh (41ms)
				TypeCache.ScanAssembly (1ms)
			ScanForSourceGeneratedMonoScriptInfo (99ms)
			ResolveRequiredComponents (42ms)
	FinalizeReload (6361ms)
		ReleaseScriptCaches (0ms)
		RebuildScriptCaches (0ms)
		SetupLoadedEditorAssemblies (2447ms)
			LogAssemblyErrors (0ms)
			InitializePlatformSupportModulesInManaged (13ms)
			SetLoadedEditorAssemblies (7ms)
			RefreshPlugins (0ms)
			BeforeProcessingInitializeOnLoad (269ms)
			ProcessInitializeOnLoadAttributes (1613ms)
			ProcessInitializeOnLoadMethodAttributes (490ms)
			AfterProcessingInitializeOnLoad (54ms)
			EditorAssembliesLoaded (1ms)
		ExecutionOrderSort2 (0ms)
		AwakeInstancesAfterBackupRestoration (129ms)
Refreshing native plugins compatible for Editor in 98.49 ms, found 10 plugins.
Preloading 0 native plugins for Editor in 0.00 ms.
Unloading 8659 Unused Serialized files (Serialized files now loaded: 0)
Unloading 117 unused Assets / (1.9 MB). Loaded Objects now: 9493.
Memory consumption went from 293.1 MB to 291.1 MB.
Total: 10.452600 ms (FindLiveObjects: 1.085200 ms CreateObjectMapping: 0.471800 ms MarkObjects: 7.650700 ms  DeleteObjects: 1.242300 ms)

Prepare: number of updated asset objects reloaded= 0
AssetImportParameters requested are different than current active one (requested -> active):
  custom:container-demuxer-ogg: 62fdf1f143b41e24485cea50d1cbac27 -> 
  custom:framework-win-MediaFoundation: 216162199b28c13a410421893ffa2e32 -> 
  custom:container-muxer-webm: aa71ff27fc2769a1b78a27578f13a17b -> 
  custom:video-decoder-webm-vp8: 9c59270c3fd7afecdb556c50c9e8de78 -> 
  custom:SearchIndexIgnoredProperties: e643bd26f0fe6173181afceb89e7c659 -> 
  custom:AudioImporter_EditorPlatform: d09bf68614088b80899f8185d706f6e7 -> 
  custom:audio-decoder-ogg-vorbis: bf7c407c2cedff20999df2af8eb42d56 -> 
  custom:audio-encoder-webm-vorbis: bf7c407c2cedff20999df2af8eb42d56 -> 
  custom:video-decoder-ogg-theora: a1e56fd34408186e4bbccfd4996cb3dc -> 
  custom:CustomObjectIndexerAttribute: 62b5816608c3102f162a1797e29626cf -> 
  custom:container-demuxer-webm: 4f35f7cbe854078d1ac9338744f61a02 -> 
  custom:video-encoder-webm-vp8: eb34c28f22e8b96e1ab97ce403110664 -> 
========================================================================
Received Import Request.
  Time since last request: 604.004246 seconds.
  path: Assets/RealToon/Editor
  artifactKey: Guid(658e403a0a86079459a910d6eb1ee150) Importer(815301076,1909f56bfc062723c751e8b465ee728b)
Start importing Assets/RealToon/Editor using Guid(658e403a0a86079459a910d6eb1ee150) Importer(815301076,1909f56bfc062723c751e8b465ee728b)  -> (artifact id: '61fd9e195cadce4be3dca7ee9199752b') in 0.006952 seconds
Number of updated asset objects reloaded before import = 0
Number of asset objects unloaded after import = 0
========================================================================
Received Import Request.
  Time since last request: 3.606974 seconds.
  path: Assets/RealToon/RealToon Shaders
  artifactKey: Guid(a3f4aac2557070e4b8d46c47babb417c) Importer(815301076,1909f56bfc062723c751e8b465ee728b)
Start importing Assets/RealToon/RealToon Shaders using Guid(a3f4aac2557070e4b8d46c47babb417c) Importer(815301076,1909f56bfc062723c751e8b465ee728b)  -> (artifact id: 'b29fd8f17f0270ecf3711d7a56e9830b') in 0.001497 seconds
Number of updated asset objects reloaded before import = 0
Number of asset objects unloaded after import = 0
